[13-Oct-2021 15:22:33 Asia/Seoul] PHP Warning:  require_once(C:/dev/Apache24/htdocs2/view/util/upload_excel.php): failed to open stream: No such file or directory in C:\dev\Apache24\htdocs2\view\admin\page\board\upload.php on line 42
[13-Oct-2021 15:22:33 Asia/Seoul] PHP Fatal error:  require_once(): Failed opening required 'C:/dev/Apache24/htdocs2/view/util/upload_excel.php' (include_path='.;C:\php\pear') in C:\dev\Apache24\htdocs2\view\admin\page\board\upload.php on line 42
[13-Oct-2021 15:22:58 Asia/Seoul] PHP Warning:  require_once(C:/dev/Apache24/htdocs2/view/util/upload_excel.php): failed to open stream: No such file or directory in C:\dev\Apache24\htdocs2\view\admin\page\member\list.php on line 168
[13-Oct-2021 15:22:58 Asia/Seoul] PHP Fatal error:  require_once(): Failed opening required 'C:/dev/Apache24/htdocs2/view/util/upload_excel.php' (include_path='.;C:\php\pear') in C:\dev\Apache24\htdocs2\view\admin\page\member\list.php on line 168
[13-Oct-2021 15:23:04 Asia/Seoul] PHP Warning:  require_once(C:/dev/Apache24/htdocs2/view/util/upload_excel.php): failed to open stream: No such file or directory in C:\dev\Apache24\htdocs2\view\admin\page\board\upload.php on line 42
[13-Oct-2021 15:23:04 Asia/Seoul] PHP Fatal error:  require_once(): Failed opening required 'C:/dev/Apache24/htdocs2/view/util/upload_excel.php' (include_path='.;C:\php\pear') in C:\dev\Apache24\htdocs2\view\admin\page\board\upload.php on line 42
[13-Oct-2021 15:24:03 Asia/Seoul] PHP Warning:  require_once(C:/dev/Apache24/htdocs2/view/util/upload_excel.php): failed to open stream: No such file or directory in C:\dev\Apache24\htdocs2\view\admin\page\board\upload.php on line 42
[13-Oct-2021 15:24:03 Asia/Seoul] PHP Fatal error:  require_once(): Failed opening required 'C:/dev/Apache24/htdocs2/view/util/upload_excel.php' (include_path='.;C:\php\pear') in C:\dev\Apache24\htdocs2\view\admin\page\board\upload.php on line 42
[13-Oct-2021 15:24:49 Asia/Seoul] PHP Warning:  require_once(util/File.php): failed to open stream: No such file or directory in C:\dev\Apache24\htdocs2\init.php on line 8
[13-Oct-2021 15:24:49 Asia/Seoul] PHP Fatal error:  require_once(): Failed opening required 'util/File.php' (include_path='.;C:\php\pear') in C:\dev\Apache24\htdocs2\init.php on line 8
[13-Oct-2021 15:24:54 Asia/Seoul] PHP Warning:  require_once(util/File.php): failed to open stream: No such file or directory in C:\dev\Apache24\htdocs2\init.php on line 8
[13-Oct-2021 15:24:54 Asia/Seoul] PHP Fatal error:  require_once(): Failed opening required 'util/File.php' (include_path='.;C:\php\pear') in C:\dev\Apache24\htdocs2\init.php on line 8
[13-Oct-2021 15:25:24 Asia/Seoul] PHP Warning:  require_once(service/Files.php): failed to open stream: No such file or directory in C:\dev\Apache24\htdocs2\init.php on line 8
[13-Oct-2021 15:25:24 Asia/Seoul] PHP Fatal error:  require_once(): Failed opening required 'service/Files.php' (include_path='.;C:\php\pear') in C:\dev\Apache24\htdocs2\init.php on line 8
[13-Oct-2021 15:25:36 Asia/Seoul] PHP Warning:  require_once(service/Files.php): failed to open stream: No such file or directory in C:\dev\Apache24\htdocs2\init.php on line 8
[13-Oct-2021 15:25:36 Asia/Seoul] PHP Fatal error:  require_once(): Failed opening required 'service/Files.php' (include_path='.;C:\php\pear') in C:\dev\Apache24\htdocs2\init.php on line 8
[13-Oct-2021 15:45:05 Asia/Seoul] PHP Warning:  require_once(C:/dev/Apache24/htdocs2/view/util/upload_excel.php): failed to open stream: No such file or directory in C:\dev\Apache24\htdocs2\view\admin\page\member\list.php on line 168
[13-Oct-2021 15:45:05 Asia/Seoul] PHP Fatal error:  require_once(): Failed opening required 'C:/dev/Apache24/htdocs2/view/util/upload_excel.php' (include_path='.;C:\php\pear') in C:\dev\Apache24\htdocs2\view\admin\page\member\list.php on line 168
[13-Oct-2021 15:45:08 Asia/Seoul] PHP Warning:  require_once(C:/dev/Apache24/htdocs2/view/util/upload_excel.php): failed to open stream: No such file or directory in C:\dev\Apache24\htdocs2\view\admin\page\member\list.php on line 168
[13-Oct-2021 15:45:08 Asia/Seoul] PHP Fatal error:  require_once(): Failed opening required 'C:/dev/Apache24/htdocs2/view/util/upload_excel.php' (include_path='.;C:\php\pear') in C:\dev\Apache24\htdocs2\view\admin\page\member\list.php on line 168
[13-Oct-2021 15:45:09 Asia/Seoul] PHP Warning:  require_once(C:/dev/Apache24/htdocs2/view/util/upload_excel.php): failed to open stream: No such file or directory in C:\dev\Apache24\htdocs2\view\admin\page\member\list.php on line 168
[13-Oct-2021 15:45:09 Asia/Seoul] PHP Fatal error:  require_once(): Failed opening required 'C:/dev/Apache24/htdocs2/view/util/upload_excel.php' (include_path='.;C:\php\pear') in C:\dev\Apache24\htdocs2\view\admin\page\member\list.php on line 168
[13-Oct-2021 15:45:11 Asia/Seoul] PHP Warning:  require_once(C:/dev/Apache24/htdocs2/view/util/upload_excel.php): failed to open stream: No such file or directory in C:\dev\Apache24\htdocs2\view\admin\page\member\list.php on line 168
[13-Oct-2021 15:45:11 Asia/Seoul] PHP Fatal error:  require_once(): Failed opening required 'C:/dev/Apache24/htdocs2/view/util/upload_excel.php' (include_path='.;C:\php\pear') in C:\dev\Apache24\htdocs2\view\admin\page\member\list.php on line 168
[13-Oct-2021 15:45:45 Asia/Seoul] PHP Warning:  require_once(C:/dev/Apache24/htdocs2/view/util/upload_excel.php): failed to open stream: No such file or directory in C:\dev\Apache24\htdocs2\view\admin\page\member\list.php on line 168
[13-Oct-2021 15:45:45 Asia/Seoul] PHP Fatal error:  require_once(): Failed opening required 'C:/dev/Apache24/htdocs2/view/util/upload_excel.php' (include_path='.;C:\php\pear') in C:\dev\Apache24\htdocs2\view\admin\page\member\list.php on line 168
