[2021-10-13 19:06:54] ["/api/admin/member.php"] [login] [::1] [관리자(1074)]

INSERT INTO `login_history`
(
	`login_user_idx`
	,	`ip`
	,	`auth_level`
) 
VALUES
(
	'1074'
	,	'::1'
	,	'admin'
)
[DB Error Content] - Table 'test.login_history' doesn't exist

[[{"id":"help@fitsoft.kr","password":"1234","action":"login"},[]]]


[2021-10-13 19:08:33] ["/api/admin/member.php"] [login] [::1] [관리자(1074)]

INSERT INTO `login_history`
(
	`login_user_idx`
	,	`ip`
	,	`auth_level`
) 
VALUES
(
	'1074'
	,	'::1'
	,	'admin'
)
[DB Error Content] - Table 'test.login_history' doesn't exist

[[{"id":"help@fitsoft.kr","password":"1234","action":"login"},[]]]


[2021-10-13 19:09:00] ["/api/admin/member.php"] [login] [::1] [관리자(1074)]

INSERT INTO `login_history`
(
	`login_user_idx`
	,	`ip`
	,	`auth_level`
) 
VALUES
(
	'1074'
	,	'::1'
	,	'admin'
)
[DB Error Content] - Table 'test.login_history' doesn't exist

[[{"id":"help@fitsoft.kr","password":"1234","action":"login"},[]]]


[2021-10-13 19:13:08] ["/api/admin/member.php"] [login] [::1] [관리자(1074)]

INSERT INTO `login_history`
(
	`login_user_idx`
	,	`ip`
	,	`auth_level`
) 
VALUES
(
	'1074'
	,	'::1'
	,	'admin'
)
[DB Error Content] - Table 'test.login_history' doesn't exist

[[{"id":"help@fitsoft.kr","password":"1234","action":"login"},[]]]


