[2021-10-13 17:43:43] ["/view/admin/page/board/list.php"] [No Action] [::1] [관리자(1074)]

			SELECT
				*
			FROM
				etc
			WHERE
				1 = 1
				
				
				AND status = 1
		

[2021-10-13 17:43:43] ["/view/admin/page/board/list.php"] [No Action] [::1] [관리자(1074)]

			SELECT DISTINCT
				`type`
			FROM
				etc
			WHERE
				`type` IS NOT NULL
				
		

[2021-10-13 17:43:43] ["/view/admin/page/board/list.php"] [No Action] [::1] [관리자(1074)]

            SELECT SQL_CALC_FOUND_ROWS
                *
            FROM
                (
                    SELECT
                        *
                    FROM
                        `manage_page`
                    WHERE
                        parent_idx IS NULL
                        AND view_status IN (1)
                )
            AS cmp
            
            
            
            ORDER BY order_num

		

[2021-10-13 17:43:43] ["/view/admin/page/board/list.php"] [No Action] [::1] [관리자(1074)]

            SELECT SQL_CALC_FOUND_ROWS
                *
            FROM
                (
                    SELECT
                        *
                    FROM
                        `manage_page`
                    WHERE
                        parent_idx IS NULL
                        AND view_status IN (1)
                )
            AS cmp
            
            	INNER JOIN
                (
                    SELECT
                        *
						,	parent_idx AS parent_idx2
                    FROM
                        `manage_page`
                    WHERE
                        parent_idx = 3
                        AND view_status IN (1)
                )
            AS cmp2
            ON cmp2.parent_idx = cmp.idx
        
            
            ORDER BY cmp.order_num, cmp2.order_num

		

[2021-10-13 17:43:43] ["/api/admin/board.php"] [getListBoard] [::1] [관리자(1074)]

			SELECT SQL_CALC_FOUND_ROWS
				mt.*
				,	me.nickname AS reg_user_nickname
				,	IFNULL(fi1.count, 0) AS is_image
			FROM
				(
					SELECT
						*
					FROM
						board
					WHERE
						1 = 1
						
						
						
				)
			AS mt

			INNER JOIN
				(
					SELECT
						*
					FROM
						`member`
					WHERE
						1 = 1
						
						
				)
			AS me
			ON me.idx = mt.reg_user_idx
			
			LEFT OUTER JOIN
                (
                    SELECT
                        ref_idx
						,	COUNT(*) AS count
                    FROM
						`files`
                    WHERE
						ref_table = 'board'
					GROUP BY
						ref_idx
                )
            AS fi1
			ON fi1.ref_idx = mt.idx
						
			ORDER BY insert_date asc,hit asc

			LIMIT 20
			OFFSET 0
		

[2021-10-13 17:43:55] ["/api/admin/board.php"] [getBoard] [::1] [관리자(1074)]

			SELECT
				mt.*
			FROM
				(

					SELECT
						*
					FROM
						`board`
					WHERE
						idx = 129
				)
			AS mt
		

[2021-10-13 17:43:55] ["/api/admin/board.php"] [getFileListBoard] [::1] [관리자(1074)]

			SELECT SQL_CALC_FOUND_ROWS
				idx
				,	type
				,	ref_table
				,	ref_key
				,	size
				,	ref_idx
				,	o_name
				,	CONCAT('/', type, '/', ref_table, '/', ref_key, '/', n_name) AS path
				,	IFNULL(order_num, 0) AS order_num
				,	IFNULL(value, '') AS value
				,	hit
			FROM
				`files`
			WHERE
				1 = 1
				
				AND ref_table = LOWER('board')
				
				AND ref_idx = 129

				

			ORDER BY ISNULL(order_num) ASC,	order_num ASC

			LIMIT 100
			OFFSET 0

		

[2021-10-13 17:43:58] ["/api/admin/board.php"] [getListBoard] [::1] [관리자(1074)]

			SELECT SQL_CALC_FOUND_ROWS
				mt.*
				,	me.nickname AS reg_user_nickname
				,	IFNULL(fi1.count, 0) AS is_image
			FROM
				(
					SELECT
						*
					FROM
						board
					WHERE
						1 = 1
						
						
						
				)
			AS mt

			INNER JOIN
				(
					SELECT
						*
					FROM
						`member`
					WHERE
						1 = 1
						
						
				)
			AS me
			ON me.idx = mt.reg_user_idx
			
			LEFT OUTER JOIN
                (
                    SELECT
                        ref_idx
						,	COUNT(*) AS count
                    FROM
						`files`
                    WHERE
						ref_table = 'board'
					GROUP BY
						ref_idx
                )
            AS fi1
			ON fi1.ref_idx = mt.idx
						
			ORDER BY insert_date asc,hit asc

			LIMIT 20
			OFFSET 0
		

[2021-10-13 17:44:12] ["/api/board.php"] [getListBoardNotice] [::1] [관리자(1074)]

			SELECT SQL_CALC_FOUND_ROWS
				mt.*
				,	me.nickname AS reg_user_nickname
				,	IFNULL(fi1.count, 0) AS is_image
				,	fi2.path AS thumbnail
			FROM
				(
					SELECT
						*
					FROM
						`board`
					WHERE
						1 = 1
						AND `type` = 'common'
						AND `notice_status` = 1
						AND `view_status` IN (1)
				)
			AS mt

			INNER JOIN
				(
					SELECT
						*
					FROM
						`member`
					WHERE
						1 = 1
						
				)
			AS me
			ON me.idx = mt.reg_user_idx
			
			LEFT OUTER JOIN
                (
                    SELECT
                        ref_idx
						,	COUNT(*) AS count
                    FROM
						`files`
                    WHERE
						ref_table = 'board'
					GROUP BY
						ref_idx
                )
            AS fi1
			ON fi1.ref_idx = mt.idx
			
			LEFT OUTER JOIN
                (
                    SELECT
                        *
                        ,	CONCAT('/', type, '/', ref_table, '/', ref_key, '/', n_name) AS path
                    FROM
						`files`
                    WHERE
						ref_table = 'board'
						AND ref_key = 'thumbnail'
					GROUP BY
						ref_idx
                )
            AS fi2
			ON fi2.ref_idx = mt.idx

			WHERE
				1 = 1
				
						
			ORDER BY notice_status desc, order_num desc, idx desc

			LIMIT 20
			OFFSET 0
		

[2021-10-13 17:44:12] ["/api/board.php"] [getListBoard] [::1] [관리자(1074)]

			SELECT SQL_CALC_FOUND_ROWS
				mt.*
				,	me.nickname AS reg_user_nickname
				,	IFNULL(fi1.count, 0) AS is_image
				,	fi2.path AS thumbnail
			FROM
				(
					SELECT
						*
					FROM
						`board`
					WHERE
						1 = 1
						AND `type` = 'common'
						AND `notice_status` = 0
						AND `view_status` IN (1)
				)
			AS mt

			INNER JOIN
				(
					SELECT
						*
					FROM
						`member`
					WHERE
						1 = 1
						
				)
			AS me
			ON me.idx = mt.reg_user_idx
			
			LEFT OUTER JOIN
                (
                    SELECT
                        ref_idx
						,	COUNT(*) AS count
                    FROM
						`files`
                    WHERE
						ref_table = 'board'
					GROUP BY
						ref_idx
                )
            AS fi1
			ON fi1.ref_idx = mt.idx
			
			LEFT OUTER JOIN
                (
                    SELECT
                        *
                        ,	CONCAT('/', type, '/', ref_table, '/', ref_key, '/', n_name) AS path
                    FROM
						`files`
                    WHERE
						ref_table = 'board'
						AND ref_key = 'thumbnail'
					GROUP BY
						ref_idx
                )
            AS fi2
			ON fi2.ref_idx = mt.idx

			WHERE
				1 = 1
				
						
			ORDER BY notice_status desc, order_num desc, idx desc

			LIMIT 15
			OFFSET 0
		

[2021-10-13 17:44:18] ["/api/admin/board.php"] [getListBoard] [::1] [관리자(1074)]

			SELECT SQL_CALC_FOUND_ROWS
				mt.*
				,	me.nickname AS reg_user_nickname
				,	IFNULL(fi1.count, 0) AS is_image
			FROM
				(
					SELECT
						*
					FROM
						board
					WHERE
						1 = 1
						
						
						
				)
			AS mt

			INNER JOIN
				(
					SELECT
						*
					FROM
						`member`
					WHERE
						1 = 1
						
						
				)
			AS me
			ON me.idx = mt.reg_user_idx
			
			LEFT OUTER JOIN
                (
                    SELECT
                        ref_idx
						,	COUNT(*) AS count
                    FROM
						`files`
                    WHERE
						ref_table = 'board'
					GROUP BY
						ref_idx
                )
            AS fi1
			ON fi1.ref_idx = mt.idx
						
			ORDER BY insert_date asc,hit asc

			LIMIT 20
			OFFSET 0
		

[2021-10-13 17:44:19] ["/api/admin/board.php"] [getListBoard] [::1] [관리자(1074)]

			SELECT SQL_CALC_FOUND_ROWS
				mt.*
				,	me.nickname AS reg_user_nickname
				,	IFNULL(fi1.count, 0) AS is_image
			FROM
				(
					SELECT
						*
					FROM
						board
					WHERE
						1 = 1
						
						
						
				)
			AS mt

			INNER JOIN
				(
					SELECT
						*
					FROM
						`member`
					WHERE
						1 = 1
						
						
				)
			AS me
			ON me.idx = mt.reg_user_idx
			
			LEFT OUTER JOIN
                (
                    SELECT
                        ref_idx
						,	COUNT(*) AS count
                    FROM
						`files`
                    WHERE
						ref_table = 'board'
					GROUP BY
						ref_idx
                )
            AS fi1
			ON fi1.ref_idx = mt.idx
						
			ORDER BY hit asc

			LIMIT 20
			OFFSET 0
		

[2021-10-13 17:44:20] ["/api/admin/board.php"] [getListBoard] [::1] [관리자(1074)]

			SELECT SQL_CALC_FOUND_ROWS
				mt.*
				,	me.nickname AS reg_user_nickname
				,	IFNULL(fi1.count, 0) AS is_image
			FROM
				(
					SELECT
						*
					FROM
						board
					WHERE
						1 = 1
						
						
						
				)
			AS mt

			INNER JOIN
				(
					SELECT
						*
					FROM
						`member`
					WHERE
						1 = 1
						
						
				)
			AS me
			ON me.idx = mt.reg_user_idx
			
			LEFT OUTER JOIN
                (
                    SELECT
                        ref_idx
						,	COUNT(*) AS count
                    FROM
						`files`
                    WHERE
						ref_table = 'board'
					GROUP BY
						ref_idx
                )
            AS fi1
			ON fi1.ref_idx = mt.idx
						
			ORDER BY insert_date desc,hit asc

			LIMIT 20
			OFFSET 0
		

[2021-10-13 17:44:27] ["/api/admin/board.php"] [getListBoard] [::1] [관리자(1074)]

			SELECT SQL_CALC_FOUND_ROWS
				mt.*
				,	me.nickname AS reg_user_nickname
				,	IFNULL(fi1.count, 0) AS is_image
			FROM
				(
					SELECT
						*
					FROM
						board
					WHERE
						1 = 1
						
						
						
				)
			AS mt

			INNER JOIN
				(
					SELECT
						*
					FROM
						`member`
					WHERE
						1 = 1
						
						
				)
			AS me
			ON me.idx = mt.reg_user_idx
			
			LEFT OUTER JOIN
                (
                    SELECT
                        ref_idx
						,	COUNT(*) AS count
                    FROM
						`files`
                    WHERE
						ref_table = 'board'
					GROUP BY
						ref_idx
                )
            AS fi1
			ON fi1.ref_idx = mt.idx
						
			ORDER BY insert_date asc,hit asc

			LIMIT 20
			OFFSET 0
		

[2021-10-13 17:44:27] ["/api/admin/board.php"] [getListBoard] [::1] [관리자(1074)]

			SELECT SQL_CALC_FOUND_ROWS
				mt.*
				,	me.nickname AS reg_user_nickname
				,	IFNULL(fi1.count, 0) AS is_image
			FROM
				(
					SELECT
						*
					FROM
						board
					WHERE
						1 = 1
						
						
						
				)
			AS mt

			INNER JOIN
				(
					SELECT
						*
					FROM
						`member`
					WHERE
						1 = 1
						
						
				)
			AS me
			ON me.idx = mt.reg_user_idx
			
			LEFT OUTER JOIN
                (
                    SELECT
                        ref_idx
						,	COUNT(*) AS count
                    FROM
						`files`
                    WHERE
						ref_table = 'board'
					GROUP BY
						ref_idx
                )
            AS fi1
			ON fi1.ref_idx = mt.idx
						
			ORDER BY hit asc

			LIMIT 20
			OFFSET 0
		

[2021-10-13 17:44:28] ["/api/admin/board.php"] [getListBoard] [::1] [관리자(1074)]

			SELECT SQL_CALC_FOUND_ROWS
				mt.*
				,	me.nickname AS reg_user_nickname
				,	IFNULL(fi1.count, 0) AS is_image
			FROM
				(
					SELECT
						*
					FROM
						board
					WHERE
						1 = 1
						
						
						
				)
			AS mt

			INNER JOIN
				(
					SELECT
						*
					FROM
						`member`
					WHERE
						1 = 1
						
						
				)
			AS me
			ON me.idx = mt.reg_user_idx
			
			LEFT OUTER JOIN
                (
                    SELECT
                        ref_idx
						,	COUNT(*) AS count
                    FROM
						`files`
                    WHERE
						ref_table = 'board'
					GROUP BY
						ref_idx
                )
            AS fi1
			ON fi1.ref_idx = mt.idx
						
			

			LIMIT 20
			OFFSET 0
		

[2021-10-13 17:44:29] ["/api/admin/board.php"] [getListBoard] [::1] [관리자(1074)]

			SELECT SQL_CALC_FOUND_ROWS
				mt.*
				,	me.nickname AS reg_user_nickname
				,	IFNULL(fi1.count, 0) AS is_image
			FROM
				(
					SELECT
						*
					FROM
						board
					WHERE
						1 = 1
						
						
						
				)
			AS mt

			INNER JOIN
				(
					SELECT
						*
					FROM
						`member`
					WHERE
						1 = 1
						
						
				)
			AS me
			ON me.idx = mt.reg_user_idx
			
			LEFT OUTER JOIN
                (
                    SELECT
                        ref_idx
						,	COUNT(*) AS count
                    FROM
						`files`
                    WHERE
						ref_table = 'board'
					GROUP BY
						ref_idx
                )
            AS fi1
			ON fi1.ref_idx = mt.idx
						
			ORDER BY hit desc

			LIMIT 20
			OFFSET 0
		

[2021-10-13 17:44:31] ["/api/admin/board.php"] [getListBoard] [::1] [관리자(1074)]

			SELECT SQL_CALC_FOUND_ROWS
				mt.*
				,	me.nickname AS reg_user_nickname
				,	IFNULL(fi1.count, 0) AS is_image
			FROM
				(
					SELECT
						*
					FROM
						board
					WHERE
						1 = 1
						
						
						
				)
			AS mt

			INNER JOIN
				(
					SELECT
						*
					FROM
						`member`
					WHERE
						1 = 1
						
						
				)
			AS me
			ON me.idx = mt.reg_user_idx
			
			LEFT OUTER JOIN
                (
                    SELECT
                        ref_idx
						,	COUNT(*) AS count
                    FROM
						`files`
                    WHERE
						ref_table = 'board'
					GROUP BY
						ref_idx
                )
            AS fi1
			ON fi1.ref_idx = mt.idx
						
			ORDER BY insert_date desc,hit desc

			LIMIT 20
			OFFSET 0
		

[2021-10-13 17:44:31] ["/api/admin/board.php"] [getListBoard] [::1] [관리자(1074)]

			SELECT SQL_CALC_FOUND_ROWS
				mt.*
				,	me.nickname AS reg_user_nickname
				,	IFNULL(fi1.count, 0) AS is_image
			FROM
				(
					SELECT
						*
					FROM
						board
					WHERE
						1 = 1
						
						
						
				)
			AS mt

			INNER JOIN
				(
					SELECT
						*
					FROM
						`member`
					WHERE
						1 = 1
						
						
				)
			AS me
			ON me.idx = mt.reg_user_idx
			
			LEFT OUTER JOIN
                (
                    SELECT
                        ref_idx
						,	COUNT(*) AS count
                    FROM
						`files`
                    WHERE
						ref_table = 'board'
					GROUP BY
						ref_idx
                )
            AS fi1
			ON fi1.ref_idx = mt.idx
						
			ORDER BY insert_date desc,hit desc

			LIMIT 20
			OFFSET 0
		

[2021-10-13 17:44:45] ["/api/admin/board.php"] [getListBoard] [::1] [관리자(1074)]

			SELECT SQL_CALC_FOUND_ROWS
				mt.*
				,	me.nickname AS reg_user_nickname
				,	IFNULL(fi1.count, 0) AS is_image
			FROM
				(
					SELECT
						*
					FROM
						board
					WHERE
						1 = 1
						
						
						
				)
			AS mt

			INNER JOIN
				(
					SELECT
						*
					FROM
						`member`
					WHERE
						1 = 1
						
						
				)
			AS me
			ON me.idx = mt.reg_user_idx
			
			LEFT OUTER JOIN
                (
                    SELECT
                        ref_idx
						,	COUNT(*) AS count
                    FROM
						`files`
                    WHERE
						ref_table = 'board'
					GROUP BY
						ref_idx
                )
            AS fi1
			ON fi1.ref_idx = mt.idx
						
			ORDER BY idx desc

			LIMIT 20
			OFFSET 0
		

[2021-10-13 17:44:57] ["/api/board.php"] [getListBoardNotice] [::1] [관리자(1074)]

			SELECT SQL_CALC_FOUND_ROWS
				mt.*
				,	me.nickname AS reg_user_nickname
				,	IFNULL(fi1.count, 0) AS is_image
				,	fi2.path AS thumbnail
			FROM
				(
					SELECT
						*
					FROM
						`board`
					WHERE
						1 = 1
						AND `type` = 'common'
						AND `notice_status` = 1
						AND `view_status` IN (1)
				)
			AS mt

			INNER JOIN
				(
					SELECT
						*
					FROM
						`member`
					WHERE
						1 = 1
						
				)
			AS me
			ON me.idx = mt.reg_user_idx
			
			LEFT OUTER JOIN
                (
                    SELECT
                        ref_idx
						,	COUNT(*) AS count
                    FROM
						`files`
                    WHERE
						ref_table = 'board'
					GROUP BY
						ref_idx
                )
            AS fi1
			ON fi1.ref_idx = mt.idx
			
			LEFT OUTER JOIN
                (
                    SELECT
                        *
                        ,	CONCAT('/', type, '/', ref_table, '/', ref_key, '/', n_name) AS path
                    FROM
						`files`
                    WHERE
						ref_table = 'board'
						AND ref_key = 'thumbnail'
					GROUP BY
						ref_idx
                )
            AS fi2
			ON fi2.ref_idx = mt.idx

			WHERE
				1 = 1
				
						
			ORDER BY notice_status desc, order_num desc, idx desc

			LIMIT 20
			OFFSET 0
		

[2021-10-13 17:44:57] ["/api/board.php"] [getListBoard] [::1] [관리자(1074)]

			SELECT SQL_CALC_FOUND_ROWS
				mt.*
				,	me.nickname AS reg_user_nickname
				,	IFNULL(fi1.count, 0) AS is_image
				,	fi2.path AS thumbnail
			FROM
				(
					SELECT
						*
					FROM
						`board`
					WHERE
						1 = 1
						AND `type` = 'common'
						AND `notice_status` = 0
						AND `view_status` IN (1)
				)
			AS mt

			INNER JOIN
				(
					SELECT
						*
					FROM
						`member`
					WHERE
						1 = 1
						
				)
			AS me
			ON me.idx = mt.reg_user_idx
			
			LEFT OUTER JOIN
                (
                    SELECT
                        ref_idx
						,	COUNT(*) AS count
                    FROM
						`files`
                    WHERE
						ref_table = 'board'
					GROUP BY
						ref_idx
                )
            AS fi1
			ON fi1.ref_idx = mt.idx
			
			LEFT OUTER JOIN
                (
                    SELECT
                        *
                        ,	CONCAT('/', type, '/', ref_table, '/', ref_key, '/', n_name) AS path
                    FROM
						`files`
                    WHERE
						ref_table = 'board'
						AND ref_key = 'thumbnail'
					GROUP BY
						ref_idx
                )
            AS fi2
			ON fi2.ref_idx = mt.idx

			WHERE
				1 = 1
				
						
			ORDER BY notice_status desc, order_num desc, idx desc

			LIMIT 15
			OFFSET 0
		

[2021-10-13 17:45:08] ["/api/board.php"] [getListBoard] [::1] [관리자(1074)]

			SELECT SQL_CALC_FOUND_ROWS
				mt.*
				,	me.nickname AS reg_user_nickname
				,	IFNULL(fi1.count, 0) AS is_image
				,	fi2.path AS thumbnail
			FROM
				(
					SELECT
						*
					FROM
						`board`
					WHERE
						1 = 1
						AND `type` = 'common'
						AND `notice_status` = 0
						AND `view_status` IN (1)
				)
			AS mt

			INNER JOIN
				(
					SELECT
						*
					FROM
						`member`
					WHERE
						1 = 1
						
				)
			AS me
			ON me.idx = mt.reg_user_idx
			
			LEFT OUTER JOIN
                (
                    SELECT
                        ref_idx
						,	COUNT(*) AS count
                    FROM
						`files`
                    WHERE
						ref_table = 'board'
					GROUP BY
						ref_idx
                )
            AS fi1
			ON fi1.ref_idx = mt.idx
			
			LEFT OUTER JOIN
                (
                    SELECT
                        *
                        ,	CONCAT('/', type, '/', ref_table, '/', ref_key, '/', n_name) AS path
                    FROM
						`files`
                    WHERE
						ref_table = 'board'
						AND ref_key = 'thumbnail'
					GROUP BY
						ref_idx
                )
            AS fi2
			ON fi2.ref_idx = mt.idx

			WHERE
				1 = 1
				
						
			ORDER BY notice_status desc, order_num desc, idx desc

			LIMIT 15
			OFFSET 15
		

[2021-10-13 17:45:09] ["/api/board.php"] [getListBoard] [::1] [관리자(1074)]

			SELECT SQL_CALC_FOUND_ROWS
				mt.*
				,	me.nickname AS reg_user_nickname
				,	IFNULL(fi1.count, 0) AS is_image
				,	fi2.path AS thumbnail
			FROM
				(
					SELECT
						*
					FROM
						`board`
					WHERE
						1 = 1
						AND `type` = 'common'
						AND `notice_status` = 0
						AND `view_status` IN (1)
				)
			AS mt

			INNER JOIN
				(
					SELECT
						*
					FROM
						`member`
					WHERE
						1 = 1
						
				)
			AS me
			ON me.idx = mt.reg_user_idx
			
			LEFT OUTER JOIN
                (
                    SELECT
                        ref_idx
						,	COUNT(*) AS count
                    FROM
						`files`
                    WHERE
						ref_table = 'board'
					GROUP BY
						ref_idx
                )
            AS fi1
			ON fi1.ref_idx = mt.idx
			
			LEFT OUTER JOIN
                (
                    SELECT
                        *
                        ,	CONCAT('/', type, '/', ref_table, '/', ref_key, '/', n_name) AS path
                    FROM
						`files`
                    WHERE
						ref_table = 'board'
						AND ref_key = 'thumbnail'
					GROUP BY
						ref_idx
                )
            AS fi2
			ON fi2.ref_idx = mt.idx

			WHERE
				1 = 1
				
						
			ORDER BY notice_status desc, order_num desc, idx desc

			LIMIT 15
			OFFSET 0
		

[2021-10-13 17:45:21] ["/api/admin/board.php"] [getListBoard] [::1] [관리자(1074)]

			SELECT SQL_CALC_FOUND_ROWS
				mt.*
				,	me.nickname AS reg_user_nickname
				,	IFNULL(fi1.count, 0) AS is_image
			FROM
				(
					SELECT
						*
					FROM
						board
					WHERE
						1 = 1
						
						
						
				)
			AS mt

			INNER JOIN
				(
					SELECT
						*
					FROM
						`member`
					WHERE
						1 = 1
						
						
				)
			AS me
			ON me.idx = mt.reg_user_idx
			
			LEFT OUTER JOIN
                (
                    SELECT
                        ref_idx
						,	COUNT(*) AS count
                    FROM
						`files`
                    WHERE
						ref_table = 'board'
					GROUP BY
						ref_idx
                )
            AS fi1
			ON fi1.ref_idx = mt.idx
						
			ORDER BY idx desc

			LIMIT 20
			OFFSET 20
		

[2021-10-13 17:45:42] ["/api/admin/board.php"] [getListBoard] [::1] [관리자(1074)]

			SELECT SQL_CALC_FOUND_ROWS
				mt.*
				,	me.nickname AS reg_user_nickname
				,	IFNULL(fi1.count, 0) AS is_image
			FROM
				(
					SELECT
						*
					FROM
						board
					WHERE
						1 = 1
						
						
						
				)
			AS mt

			INNER JOIN
				(
					SELECT
						*
					FROM
						`member`
					WHERE
						1 = 1
						
						
				)
			AS me
			ON me.idx = mt.reg_user_idx
			
			LEFT OUTER JOIN
                (
                    SELECT
                        ref_idx
						,	COUNT(*) AS count
                    FROM
						`files`
                    WHERE
						ref_table = 'board'
					GROUP BY
						ref_idx
                )
            AS fi1
			ON fi1.ref_idx = mt.idx
						
			ORDER BY idx desc

			LIMIT 20
			OFFSET 40
		

[2021-10-13 17:45:46] ["/api/board.php"] [getListBoard] [::1] [관리자(1074)]

			SELECT SQL_CALC_FOUND_ROWS
				mt.*
				,	me.nickname AS reg_user_nickname
				,	IFNULL(fi1.count, 0) AS is_image
				,	fi2.path AS thumbnail
			FROM
				(
					SELECT
						*
					FROM
						`board`
					WHERE
						1 = 1
						AND `type` = 'common'
						AND `notice_status` = 0
						AND `view_status` IN (1)
				)
			AS mt

			INNER JOIN
				(
					SELECT
						*
					FROM
						`member`
					WHERE
						1 = 1
						
				)
			AS me
			ON me.idx = mt.reg_user_idx
			
			LEFT OUTER JOIN
                (
                    SELECT
                        ref_idx
						,	COUNT(*) AS count
                    FROM
						`files`
                    WHERE
						ref_table = 'board'
					GROUP BY
						ref_idx
                )
            AS fi1
			ON fi1.ref_idx = mt.idx
			
			LEFT OUTER JOIN
                (
                    SELECT
                        *
                        ,	CONCAT('/', type, '/', ref_table, '/', ref_key, '/', n_name) AS path
                    FROM
						`files`
                    WHERE
						ref_table = 'board'
						AND ref_key = 'thumbnail'
					GROUP BY
						ref_idx
                )
            AS fi2
			ON fi2.ref_idx = mt.idx

			WHERE
				1 = 1
				
						
			ORDER BY notice_status desc, order_num desc, idx desc

			LIMIT 15
			OFFSET 15
		

[2021-10-13 17:45:53] ["/api/admin/board.php"] [getListBoard] [::1] [관리자(1074)]

			SELECT SQL_CALC_FOUND_ROWS
				mt.*
				,	me.nickname AS reg_user_nickname
				,	IFNULL(fi1.count, 0) AS is_image
			FROM
				(
					SELECT
						*
					FROM
						board
					WHERE
						1 = 1
						
						
						
				)
			AS mt

			INNER JOIN
				(
					SELECT
						*
					FROM
						`member`
					WHERE
						1 = 1
						
						
				)
			AS me
			ON me.idx = mt.reg_user_idx
			
			LEFT OUTER JOIN
                (
                    SELECT
                        ref_idx
						,	COUNT(*) AS count
                    FROM
						`files`
                    WHERE
						ref_table = 'board'
					GROUP BY
						ref_idx
                )
            AS fi1
			ON fi1.ref_idx = mt.idx
						
			ORDER BY idx desc

			LIMIT 20
			OFFSET 20
		

[2021-10-13 17:46:05] ["/api/admin/board.php"] [getListBoard] [::1] [관리자(1074)]

			SELECT SQL_CALC_FOUND_ROWS
				mt.*
				,	me.nickname AS reg_user_nickname
				,	IFNULL(fi1.count, 0) AS is_image
			FROM
				(
					SELECT
						*
					FROM
						board
					WHERE
						1 = 1
						
						
						
				)
			AS mt

			INNER JOIN
				(
					SELECT
						*
					FROM
						`member`
					WHERE
						1 = 1
						
						
				)
			AS me
			ON me.idx = mt.reg_user_idx
			
			LEFT OUTER JOIN
                (
                    SELECT
                        ref_idx
						,	COUNT(*) AS count
                    FROM
						`files`
                    WHERE
						ref_table = 'board'
					GROUP BY
						ref_idx
                )
            AS fi1
			ON fi1.ref_idx = mt.idx
						
			ORDER BY idx desc

			LIMIT 20
			OFFSET 40
		

[2021-10-13 17:46:06] ["/api/admin/board.php"] [getFileListBoard] [::1] [관리자(1074)]

			SELECT SQL_CALC_FOUND_ROWS
				idx
				,	type
				,	ref_table
				,	ref_key
				,	size
				,	ref_idx
				,	o_name
				,	CONCAT('/', type, '/', ref_table, '/', ref_key, '/', n_name) AS path
				,	IFNULL(order_num, 0) AS order_num
				,	IFNULL(value, '') AS value
				,	hit
			FROM
				`files`
			WHERE
				1 = 1
				
				AND ref_table = LOWER('board')
				
				AND ref_idx = 106

				

			ORDER BY ISNULL(order_num) ASC,	order_num ASC

			LIMIT 100
			OFFSET 0

		

[2021-10-13 17:46:06] ["/api/admin/board.php"] [getBoard] [::1] [관리자(1074)]

			SELECT
				mt.*
			FROM
				(

					SELECT
						*
					FROM
						`board`
					WHERE
						idx = 106
				)
			AS mt
		

[2021-10-13 17:46:09] ["/api/board.php"] [getBoard] [::1] [관리자(1074)]

			SELECT
				mt.*
				,	fi2.path AS thumbnail
				,	IFNULL(me.nickname, '-') AS reg_user_name
			FROM
				(

					SELECT
						*
					FROM
						`board`
					WHERE
						idx = 106
						AND `view_status` IN (1)
				)
			AS mt

			LEFT OUTER JOIN
				(
					SELECT
						*
					FROM
						`member`
					WHERE
						1 = 1
				)
			AS me
			ON me.idx = mt.reg_user_idx
			
			LEFT OUTER JOIN
                (
                    SELECT
                        *
                        ,	CONCAT('/', type, '/', ref_table, '/', ref_key, '/', n_name) AS path
                    FROM
						`files`
                    WHERE
						ref_table = 'board'
						AND ref_key = 'thumbnail'
					GROUP BY
						ref_idx
                )
            AS fi2
			ON fi2.ref_idx = mt.idx
		

[2021-10-13 17:46:11] ["/api/admin/board.php"] [getListBoard] [::1] [관리자(1074)]

			SELECT SQL_CALC_FOUND_ROWS
				mt.*
				,	me.nickname AS reg_user_nickname
				,	IFNULL(fi1.count, 0) AS is_image
			FROM
				(
					SELECT
						*
					FROM
						board
					WHERE
						1 = 1
						
						
						
				)
			AS mt

			INNER JOIN
				(
					SELECT
						*
					FROM
						`member`
					WHERE
						1 = 1
						
						
				)
			AS me
			ON me.idx = mt.reg_user_idx
			
			LEFT OUTER JOIN
                (
                    SELECT
                        ref_idx
						,	COUNT(*) AS count
                    FROM
						`files`
                    WHERE
						ref_table = 'board'
					GROUP BY
						ref_idx
                )
            AS fi1
			ON fi1.ref_idx = mt.idx
						
			ORDER BY idx desc

			LIMIT 20
			OFFSET 0
		

[2021-10-13 17:46:14] ["/api/admin/board.php"] [getListBoard] [::1] [관리자(1074)]

			SELECT SQL_CALC_FOUND_ROWS
				mt.*
				,	me.nickname AS reg_user_nickname
				,	IFNULL(fi1.count, 0) AS is_image
			FROM
				(
					SELECT
						*
					FROM
						board
					WHERE
						1 = 1
						
						
						
				)
			AS mt

			INNER JOIN
				(
					SELECT
						*
					FROM
						`member`
					WHERE
						1 = 1
						
						
				)
			AS me
			ON me.idx = mt.reg_user_idx
			
			LEFT OUTER JOIN
                (
                    SELECT
                        ref_idx
						,	COUNT(*) AS count
                    FROM
						`files`
                    WHERE
						ref_table = 'board'
					GROUP BY
						ref_idx
                )
            AS fi1
			ON fi1.ref_idx = mt.idx
						
			ORDER BY idx desc

			LIMIT 20
			OFFSET 40
		

[2021-10-13 17:46:16] ["/api/admin/board.php"] [getBoard] [::1] [관리자(1074)]

			SELECT
				mt.*
			FROM
				(

					SELECT
						*
					FROM
						`board`
					WHERE
						idx = 106
				)
			AS mt
		

[2021-10-13 17:46:16] ["/api/admin/board.php"] [getFileListBoard] [::1] [관리자(1074)]

			SELECT SQL_CALC_FOUND_ROWS
				idx
				,	type
				,	ref_table
				,	ref_key
				,	size
				,	ref_idx
				,	o_name
				,	CONCAT('/', type, '/', ref_table, '/', ref_key, '/', n_name) AS path
				,	IFNULL(order_num, 0) AS order_num
				,	IFNULL(value, '') AS value
				,	hit
			FROM
				`files`
			WHERE
				1 = 1
				
				AND ref_table = LOWER('board')
				
				AND ref_idx = 106

				

			ORDER BY ISNULL(order_num) ASC,	order_num ASC

			LIMIT 100
			OFFSET 0

		

[2021-10-13 17:46:17] ["/api/admin/board.php"] [getListBoard] [::1] [관리자(1074)]

			SELECT SQL_CALC_FOUND_ROWS
				mt.*
				,	me.nickname AS reg_user_nickname
				,	IFNULL(fi1.count, 0) AS is_image
			FROM
				(
					SELECT
						*
					FROM
						board
					WHERE
						1 = 1
						
						
						
				)
			AS mt

			INNER JOIN
				(
					SELECT
						*
					FROM
						`member`
					WHERE
						1 = 1
						
						
				)
			AS me
			ON me.idx = mt.reg_user_idx
			
			LEFT OUTER JOIN
                (
                    SELECT
                        ref_idx
						,	COUNT(*) AS count
                    FROM
						`files`
                    WHERE
						ref_table = 'board'
					GROUP BY
						ref_idx
                )
            AS fi1
			ON fi1.ref_idx = mt.idx
						
			ORDER BY idx desc

			LIMIT 20
			OFFSET 0
		

[2021-10-13 17:46:19] ["/api/admin/board.php"] [getListBoard] [::1] [관리자(1074)]

			SELECT SQL_CALC_FOUND_ROWS
				mt.*
				,	me.nickname AS reg_user_nickname
				,	IFNULL(fi1.count, 0) AS is_image
			FROM
				(
					SELECT
						*
					FROM
						board
					WHERE
						1 = 1
						
						
						
				)
			AS mt

			INNER JOIN
				(
					SELECT
						*
					FROM
						`member`
					WHERE
						1 = 1
						
						
				)
			AS me
			ON me.idx = mt.reg_user_idx
			
			LEFT OUTER JOIN
                (
                    SELECT
                        ref_idx
						,	COUNT(*) AS count
                    FROM
						`files`
                    WHERE
						ref_table = 'board'
					GROUP BY
						ref_idx
                )
            AS fi1
			ON fi1.ref_idx = mt.idx
						
			ORDER BY idx desc

			LIMIT 20
			OFFSET 40
		

[2021-10-13 17:46:20] ["/api/admin/board.php"] [getFileListBoard] [::1] [관리자(1074)]

			SELECT SQL_CALC_FOUND_ROWS
				idx
				,	type
				,	ref_table
				,	ref_key
				,	size
				,	ref_idx
				,	o_name
				,	CONCAT('/', type, '/', ref_table, '/', ref_key, '/', n_name) AS path
				,	IFNULL(order_num, 0) AS order_num
				,	IFNULL(value, '') AS value
				,	hit
			FROM
				`files`
			WHERE
				1 = 1
				
				AND ref_table = LOWER('board')
				
				AND ref_idx = 106

				

			ORDER BY ISNULL(order_num) ASC,	order_num ASC

			LIMIT 100
			OFFSET 0

		

[2021-10-13 17:46:20] ["/api/admin/board.php"] [getBoard] [::1] [관리자(1074)]

			SELECT
				mt.*
			FROM
				(

					SELECT
						*
					FROM
						`board`
					WHERE
						idx = 106
				)
			AS mt
		

[2021-10-13 17:46:23] ["/api/admin/board.php"] [getListBoard] [::1] [관리자(1074)]

			SELECT SQL_CALC_FOUND_ROWS
				mt.*
				,	me.nickname AS reg_user_nickname
				,	IFNULL(fi1.count, 0) AS is_image
			FROM
				(
					SELECT
						*
					FROM
						board
					WHERE
						1 = 1
						
						
						
				)
			AS mt

			INNER JOIN
				(
					SELECT
						*
					FROM
						`member`
					WHERE
						1 = 1
						
						
				)
			AS me
			ON me.idx = mt.reg_user_idx
			
			LEFT OUTER JOIN
                (
                    SELECT
                        ref_idx
						,	COUNT(*) AS count
                    FROM
						`files`
                    WHERE
						ref_table = 'board'
					GROUP BY
						ref_idx
                )
            AS fi1
			ON fi1.ref_idx = mt.idx
						
			ORDER BY idx desc

			LIMIT 20
			OFFSET 0
		

[2021-10-13 17:46:25] ["/api/admin/board.php"] [getListBoard] [::1] [관리자(1074)]

			SELECT SQL_CALC_FOUND_ROWS
				mt.*
				,	me.nickname AS reg_user_nickname
				,	IFNULL(fi1.count, 0) AS is_image
			FROM
				(
					SELECT
						*
					FROM
						board
					WHERE
						1 = 1
						
						
						
				)
			AS mt

			INNER JOIN
				(
					SELECT
						*
					FROM
						`member`
					WHERE
						1 = 1
						
						
				)
			AS me
			ON me.idx = mt.reg_user_idx
			
			LEFT OUTER JOIN
                (
                    SELECT
                        ref_idx
						,	COUNT(*) AS count
                    FROM
						`files`
                    WHERE
						ref_table = 'board'
					GROUP BY
						ref_idx
                )
            AS fi1
			ON fi1.ref_idx = mt.idx
						
			ORDER BY idx desc

			LIMIT 20
			OFFSET 40
		

[2021-10-13 17:46:26] ["/api/admin/board.php"] [getFileListBoard] [::1] [관리자(1074)]

			SELECT SQL_CALC_FOUND_ROWS
				idx
				,	type
				,	ref_table
				,	ref_key
				,	size
				,	ref_idx
				,	o_name
				,	CONCAT('/', type, '/', ref_table, '/', ref_key, '/', n_name) AS path
				,	IFNULL(order_num, 0) AS order_num
				,	IFNULL(value, '') AS value
				,	hit
			FROM
				`files`
			WHERE
				1 = 1
				
				AND ref_table = LOWER('board')
				
				AND ref_idx = 106

				

			ORDER BY ISNULL(order_num) ASC,	order_num ASC

			LIMIT 100
			OFFSET 0

		

[2021-10-13 17:46:26] ["/api/admin/board.php"] [getBoard] [::1] [관리자(1074)]

			SELECT
				mt.*
			FROM
				(

					SELECT
						*
					FROM
						`board`
					WHERE
						idx = 106
				)
			AS mt
		

[2021-10-13 17:46:29] ["/api/board.php"] [getBoard] [::1] [관리자(1074)]

			SELECT
				mt.*
				,	fi2.path AS thumbnail
				,	IFNULL(me.nickname, '-') AS reg_user_name
			FROM
				(

					SELECT
						*
					FROM
						`board`
					WHERE
						idx = 106
						AND `view_status` IN (1)
				)
			AS mt

			LEFT OUTER JOIN
				(
					SELECT
						*
					FROM
						`member`
					WHERE
						1 = 1
				)
			AS me
			ON me.idx = mt.reg_user_idx
			
			LEFT OUTER JOIN
                (
                    SELECT
                        *
                        ,	CONCAT('/', type, '/', ref_table, '/', ref_key, '/', n_name) AS path
                    FROM
						`files`
                    WHERE
						ref_table = 'board'
						AND ref_key = 'thumbnail'
					GROUP BY
						ref_idx
                )
            AS fi2
			ON fi2.ref_idx = mt.idx
		

[2021-10-13 17:46:30] ["/api/board.php"] [getListBoardNotice] [::1] [관리자(1074)]

			SELECT SQL_CALC_FOUND_ROWS
				mt.*
				,	me.nickname AS reg_user_nickname
				,	IFNULL(fi1.count, 0) AS is_image
				,	fi2.path AS thumbnail
			FROM
				(
					SELECT
						*
					FROM
						`board`
					WHERE
						1 = 1
						AND `type` = 'common'
						AND `notice_status` = 1
						AND `view_status` IN (1)
				)
			AS mt

			INNER JOIN
				(
					SELECT
						*
					FROM
						`member`
					WHERE
						1 = 1
						
				)
			AS me
			ON me.idx = mt.reg_user_idx
			
			LEFT OUTER JOIN
                (
                    SELECT
                        ref_idx
						,	COUNT(*) AS count
                    FROM
						`files`
                    WHERE
						ref_table = 'board'
					GROUP BY
						ref_idx
                )
            AS fi1
			ON fi1.ref_idx = mt.idx
			
			LEFT OUTER JOIN
                (
                    SELECT
                        *
                        ,	CONCAT('/', type, '/', ref_table, '/', ref_key, '/', n_name) AS path
                    FROM
						`files`
                    WHERE
						ref_table = 'board'
						AND ref_key = 'thumbnail'
					GROUP BY
						ref_idx
                )
            AS fi2
			ON fi2.ref_idx = mt.idx

			WHERE
				1 = 1
				
						
			ORDER BY notice_status desc, order_num desc, idx desc

			LIMIT 15
			OFFSET 15
		

[2021-10-13 17:46:30] ["/api/board.php"] [getListBoard] [::1] [관리자(1074)]

			SELECT SQL_CALC_FOUND_ROWS
				mt.*
				,	me.nickname AS reg_user_nickname
				,	IFNULL(fi1.count, 0) AS is_image
				,	fi2.path AS thumbnail
			FROM
				(
					SELECT
						*
					FROM
						`board`
					WHERE
						1 = 1
						AND `type` = 'common'
						AND `notice_status` = 0
						AND `view_status` IN (1)
				)
			AS mt

			INNER JOIN
				(
					SELECT
						*
					FROM
						`member`
					WHERE
						1 = 1
						
				)
			AS me
			ON me.idx = mt.reg_user_idx
			
			LEFT OUTER JOIN
                (
                    SELECT
                        ref_idx
						,	COUNT(*) AS count
                    FROM
						`files`
                    WHERE
						ref_table = 'board'
					GROUP BY
						ref_idx
                )
            AS fi1
			ON fi1.ref_idx = mt.idx
			
			LEFT OUTER JOIN
                (
                    SELECT
                        *
                        ,	CONCAT('/', type, '/', ref_table, '/', ref_key, '/', n_name) AS path
                    FROM
						`files`
                    WHERE
						ref_table = 'board'
						AND ref_key = 'thumbnail'
					GROUP BY
						ref_idx
                )
            AS fi2
			ON fi2.ref_idx = mt.idx

			WHERE
				1 = 1
				
						
			ORDER BY notice_status desc, order_num desc, idx desc

			LIMIT 15
			OFFSET 15
		

[2021-10-13 17:46:33] ["/api/admin/board.php"] [getListBoard] [::1] [관리자(1074)]

			SELECT SQL_CALC_FOUND_ROWS
				mt.*
				,	me.nickname AS reg_user_nickname
				,	IFNULL(fi1.count, 0) AS is_image
			FROM
				(
					SELECT
						*
					FROM
						board
					WHERE
						1 = 1
						
						
						
				)
			AS mt

			INNER JOIN
				(
					SELECT
						*
					FROM
						`member`
					WHERE
						1 = 1
						
						
				)
			AS me
			ON me.idx = mt.reg_user_idx
			
			LEFT OUTER JOIN
                (
                    SELECT
                        ref_idx
						,	COUNT(*) AS count
                    FROM
						`files`
                    WHERE
						ref_table = 'board'
					GROUP BY
						ref_idx
                )
            AS fi1
			ON fi1.ref_idx = mt.idx
						
			ORDER BY idx desc

			LIMIT 20
			OFFSET 0
		

