[2021-10-11 15:56:09] ["/api/board.php"] [getBoard] [::1] [관리자(1074)]

			UPDATE `board` SET
				hit = hit + 1 
			WHERE
				idx = 157
				
				
		

[2021-10-11 15:56:40] ["/api/board.php"] [getBoard] [::1] [관리자(1074)]

			UPDATE `board` SET
				hit = hit + 1 
			WHERE
				idx = 157
				
				
		

[2021-10-11 15:56:46] ["/api/board.php"] [getBoard] [::1] [관리자(1074)]

			UPDATE `board` SET
				hit = hit + 1 
			WHERE
				idx = 159
				
				
		

[2021-10-11 15:56:48] ["/api/board.php"] [getBoard] [::1] [관리자(1074)]

			UPDATE `board` SET
				hit = hit + 1 
			WHERE
				idx = 159
				
				
		

[2021-10-11 15:56:57] ["/api/board.php"] [getBoard] [::1] [관리자(1074)]

			UPDATE `board` SET
				hit = hit + 1 
			WHERE
				idx = 116
				
				
		

[2021-10-11 15:57:00] ["/api/board.php"] [getBoard] [::1] [관리자(1074)]

			UPDATE `board` SET
				hit = hit + 1 
			WHERE
				idx = 132
				
				
		

[2021-10-11 15:57:03] ["/api/board.php"] [getBoard] [::1] [관리자(1074)]

			UPDATE `board` SET
				hit = hit + 1 
			WHERE
				idx = 134
				
				
		

[2021-10-11 15:57:06] ["/api/board.php"] [getBoard] [::1] [관리자(1074)]

			UPDATE `board` SET
				hit = hit + 1 
			WHERE
				idx = 177
				
				
		

[2021-10-11 15:57:24] ["/api/board.php"] [getBoard] [::1] [관리자(1074)]

			UPDATE `board` SET
				hit = hit + 1 
			WHERE
				idx = 150
				
				
		

[2021-10-11 15:58:06] ["/api/board.php"] [getBoard] [::1] [관리자(1074)]

			UPDATE `board` SET
				hit = hit + 1 
			WHERE
				idx = 150
				
				
		

[2021-10-11 15:58:07] ["/api/board.php"] [getBoard] [::1] [관리자(1074)]

			UPDATE `board` SET
				hit = hit + 1 
			WHERE
				idx = 150
				
				
		

[2021-10-11 15:58:13] ["/api/board.php"] [getBoard] [::1] [관리자(1074)]

			UPDATE `board` SET
				hit = hit + 1 
			WHERE
				idx = 129
				
				
		

[2021-10-11 15:58:19] ["/api/reply.php"] [uploadReply] [::1] [관리자(1074)]

INSERT INTO `reply`
(
	`ref_table`
	,	`ref_idx`
	,	`content`
	,	`reply_user_idx`
) 
VALUES
(
	'board'
	,	129
	,	'ㅇㅇ'
	,	'1074'
)

[2021-10-11 15:58:19] ["/api/board.php"] [getBoard] [::1] [관리자(1074)]

			UPDATE `board` SET
				hit = hit + 1 
			WHERE
				idx = 129
				
				
		

[2021-10-11 15:58:25] ["/api/board.php"] [getBoard] [::1] [관리자(1074)]

			UPDATE `board` SET
				hit = hit + 1 
			WHERE
				idx = 129
				
				
		

[2021-10-11 15:58:30] ["/api/board.php"] [deleteBoard] [::1] [관리자(1074)]

DELETE FROM `board`
WHERE
	
			idx = 129
			AND reg_user_idx = 1074			
		
	

[2021-10-11 15:58:32] ["/api/board.php"] [getBoard] [::1] [관리자(1074)]

			UPDATE `board` SET
				hit = hit + 1 
			WHERE
				idx = 129
				
				
		

[2021-10-11 15:58:35] ["/api/board.php"] [getBoard] [::1] [관리자(1074)]

			UPDATE `board` SET
				hit = hit + 1 
			WHERE
				idx = 129
				
				
		

[2021-10-11 15:58:52] ["/api/board.php"] [getBoard] [::1] [관리자(1074)]

			UPDATE `board` SET
				hit = hit + 1 
			WHERE
				idx = 129
				
				
		

[2021-10-11 15:59:55] ["/api/board.php"] [getBoard] [::1] [관리자(1074)]

			UPDATE `board` SET
				hit = hit + 1 
			WHERE
				idx = 158
				
				
		

[2021-10-11 16:00:01] ["/api/board.php"] [getBoard] [::1] [관리자(1074)]

			UPDATE `board` SET
				hit = hit + 1 
			WHERE
				idx = 137
				
				
		

[2021-10-11 16:00:06] ["/api/board.php"] [getBoard] [::1] [관리자(1074)]

			UPDATE `board` SET
				hit = hit + 1 
			WHERE
				idx = 157
				
				
		

[2021-10-11 16:08:42] ["/api/board.php"] [getBoard] [::1] [관리자(1074)]

			UPDATE `board` SET
				hit = hit + 1 
			WHERE
				idx = 159
				
				
		

[2021-10-11 16:18:53] ["/api/board.php"] [getBoard] [::1] [관리자(1074)]

			UPDATE `board` SET
				hit = hit + 1 
			WHERE
				idx = 172
				
				
		

[2021-10-11 16:19:26] ["/api/board.php"] [getBoard] [::1] [관리자(1074)]

			UPDATE `board` SET
				hit = hit + 1 
			WHERE
				idx = 177
				
				
		

[2021-10-11 16:20:01] ["/api/board.php"] [getBoard] [::1] [관리자(1074)]

			UPDATE `board` SET
				hit = hit + 1 
			WHERE
				idx = 177
				
				
		

[2021-10-11 16:20:40] ["/api/board.php"] [getBoard] [::1] [관리자(1074)]

			UPDATE `board` SET
				hit = hit + 1 
			WHERE
				idx = 177
				
				
		

[2021-10-11 16:21:05] ["/api/board.php"] [getBoard] [::1] [관리자(1074)]

			UPDATE `board` SET
				hit = hit + 1 
			WHERE
				idx = 134
				
				
		

[2021-10-11 16:21:08] ["/api/board.php"] [getBoard] [::1] [관리자(1074)]

			UPDATE `board` SET
				hit = hit + 1 
			WHERE
				idx = 135
				
				
		

[2021-10-11 16:21:30] ["/api/board.php"] [getBoard] [::1] [관리자(1074)]

			UPDATE `board` SET
				hit = hit + 1 
			WHERE
				idx = 129
				
				
		

[2021-10-11 16:21:38] ["/api/board.php"] [getBoard] [::1] [관리자(1074)]

			UPDATE `board` SET
				hit = hit + 1 
			WHERE
				idx = 129
				
				
		

[2021-10-11 16:22:38] ["/api/board.php"] [getBoard] [::1] [관리자(1074)]

			UPDATE `board` SET
				hit = hit + 1 
			WHERE
				idx = 176
				
				
		

[2021-10-11 16:23:26] ["/api/board.php"] [getBoard] [::1] [관리자(1074)]

			UPDATE `board` SET
				hit = hit + 1 
			WHERE
				idx = 176
				
				
		

[2021-10-11 16:23:33] ["/api/board.php"] [getBoard] [::1] [관리자(1074)]

			UPDATE `board` SET
				hit = hit + 1 
			WHERE
				idx = 176
				
				
		

[2021-10-11 16:23:40] ["/api/board.php"] [getBoard] [::1] [관리자(1074)]

			UPDATE `board` SET
				hit = hit + 1 
			WHERE
				idx = 176
				
				
		

[2021-10-11 16:24:11] ["/api/board.php"] [getBoard] [::1] [관리자(1074)]

			UPDATE `board` SET
				hit = hit + 1 
			WHERE
				idx = 176
				
				
		

[2021-10-11 16:24:15] ["/api/board.php"] [getBoard] [::1] [관리자(1074)]

			UPDATE `board` SET
				hit = hit + 1 
			WHERE
				idx = 176
				
				
		

[2021-10-11 16:24:21] ["/api/board.php"] [getBoard] [::1] [관리자(1074)]

			UPDATE `board` SET
				hit = hit + 1 
			WHERE
				idx = 135
				
				
		

[2021-10-11 16:24:24] ["/api/board.php"] [getBoard] [::1] [관리자(1074)]

			UPDATE `board` SET
				hit = hit + 1 
			WHERE
				idx = 158
				
				
		

[2021-10-11 16:24:26] ["/api/board.php"] [getBoard] [::1] [관리자(1074)]

			UPDATE `board` SET
				hit = hit + 1 
			WHERE
				idx = 157
				
				
		

[2021-10-11 16:24:29] ["/api/board.php"] [getBoard] [::1] [관리자(1074)]

			UPDATE `board` SET
				hit = hit + 1 
			WHERE
				idx = 151
				
				
		

[2021-10-11 16:24:33] ["/api/board.php"] [getBoard] [::1] [관리자(1074)]

			UPDATE `board` SET
				hit = hit + 1 
			WHERE
				idx = 151
				
				
		

[2021-10-11 16:24:38] ["/api/board.php"] [getBoard] [::1] [관리자(1074)]

			UPDATE `board` SET
				hit = hit + 1 
			WHERE
				idx = 151
				
				
		

[2021-10-11 16:25:12] ["/api/board.php"] [getBoard] [::1] [관리자(1074)]

			UPDATE `board` SET
				hit = hit + 1 
			WHERE
				idx = 159
				
				
		

[2021-10-11 16:28:22] ["/api/board.php"] [getBoard] [::1] [관리자(1074)]

			UPDATE `board` SET
				hit = hit + 1 
			WHERE
				idx = 159
				
				
		

[2021-10-11 16:31:22] ["/api/board.php"] [getBoard] [::1] [관리자(1074)]

			UPDATE `board` SET
				hit = hit + 1 
			WHERE
				idx = 135
				
				
		

[2021-10-11 16:31:24] ["/api/board.php"] [getBoard] [::1] [관리자(1074)]

			UPDATE `board` SET
				hit = hit + 1 
			WHERE
				idx = 166
				
				
		

[2021-10-11 16:31:43] ["/api/board.php"] [getBoard] [::1] [관리자(1074)]

			UPDATE `board` SET
				hit = hit + 1 
			WHERE
				idx = 176
				
				
		

[2021-10-11 16:31:49] ["/api/board.php"] [getBoard] [::1] [관리자(1074)]

			UPDATE `board` SET
				hit = hit + 1 
			WHERE
				idx = 158
				
				
		

[2021-10-11 16:31:53] ["/api/board.php"] [getBoard] [::1] [관리자(1074)]

			UPDATE `board` SET
				hit = hit + 1 
			WHERE
				idx = 166
				
				
		

[2021-10-11 16:31:56] ["/api/board.php"] [getBoard] [::1] [관리자(1074)]

			UPDATE `board` SET
				hit = hit + 1 
			WHERE
				idx = 152
				
				
		

[2021-10-11 16:32:08] ["/api/board.php"] [getBoard] [::1] [관리자(1074)]

			UPDATE `board` SET
				hit = hit + 1 
			WHERE
				idx = 135
				
				
		

[2021-10-11 16:32:12] ["/api/board.php"] [getBoard] [::1] [관리자(1074)]

			UPDATE `board` SET
				hit = hit + 1 
			WHERE
				idx = 177
				
				
		

[2021-10-11 16:32:23] ["/api/board.php"] [getBoard] [::1] [관리자(1074)]

			UPDATE `board` SET
				hit = hit + 1 
			WHERE
				idx = 177
				
				
		

[2021-10-11 16:32:27] ["/api/board.php"] [getBoard] [::1] [관리자(1074)]

			UPDATE `board` SET
				hit = hit + 1 
			WHERE
				idx = 176
				
				
		

[2021-10-11 16:32:30] ["/api/board.php"] [getBoard] [::1] [관리자(1074)]

			UPDATE `board` SET
				hit = hit + 1 
			WHERE
				idx = 177
				
				
		

[2021-10-11 16:45:44] ["/api/board.php"] [getBoard] [::1] [관리자(1074)]

			UPDATE `board` SET
				hit = hit + 1 
			WHERE
				idx = 135
				
				
		

[2021-10-11 16:45:48] ["/api/board.php"] [getBoard] [::1] [관리자(1074)]

			UPDATE `board` SET
				hit = hit + 1 
			WHERE
				idx = 158
				
				
		

[2021-10-11 16:47:57] ["/api/board.php"] [getBoard] [::1] [관리자(1074)]

			UPDATE `board` SET
				hit = hit + 1 
			WHERE
				idx = 135
				
				
		

[2021-10-11 16:48:59] ["/api/board.php"] [getBoard] [::1] [관리자(1074)]

			UPDATE `board` SET
				hit = hit + 1 
			WHERE
				idx = 135
				
				
		

[2021-10-11 16:54:13] ["/api/board.php"] [getBoard] [::1] [관리자(1074)]

			UPDATE `board` SET
				hit = hit + 1 
			WHERE
				idx = 135
				
				
		

[2021-10-11 16:54:35] ["/api/board.php"] [getBoard] [::1] [관리자(1074)]

			UPDATE `board` SET
				hit = hit + 1 
			WHERE
				idx = 172
				
				
		

[2021-10-11 16:55:50] ["/api/board.php"] [getBoard] [::1] [관리자(1074)]

			UPDATE `board` SET
				hit = hit + 1 
			WHERE
				idx = 172
				
				
		

[2021-10-11 16:56:36] ["/api/board.php"] [getBoard] [::1] [관리자(1074)]

			UPDATE `board` SET
				hit = hit + 1 
			WHERE
				idx = 135
				
				
		

[2021-10-11 16:56:38] ["/api/board.php"] [getBoard] [::1] [관리자(1074)]

			UPDATE `board` SET
				hit = hit + 1 
			WHERE
				idx = 146
				
				
		

[2021-10-11 16:56:40] ["/api/board.php"] [getBoard] [::1] [관리자(1074)]

			UPDATE `board` SET
				hit = hit + 1 
			WHERE
				idx = 172
				
				
		

[2021-10-11 16:56:42] ["/api/board.php"] [getBoard] [::1] [관리자(1074)]

			UPDATE `board` SET
				hit = hit + 1 
			WHERE
				idx = 159
				
				
		

[2021-10-11 16:56:45] ["/api/board.php"] [getBoard] [::1] [관리자(1074)]

			UPDATE `board` SET
				hit = hit + 1 
			WHERE
				idx = 176
				
				
		

[2021-10-11 16:56:48] ["/api/board.php"] [getBoard] [::1] [관리자(1074)]

			UPDATE `board` SET
				hit = hit + 1 
			WHERE
				idx = 177
				
				
		

[2021-10-11 16:56:51] ["/api/board.php"] [getBoard] [::1] [관리자(1074)]

			UPDATE `board` SET
				hit = hit + 1 
			WHERE
				idx = 137
				
				
		

[2021-10-11 16:56:53] ["/api/board.php"] [getBoard] [::1] [관리자(1074)]

			UPDATE `board` SET
				hit = hit + 1 
			WHERE
				idx = 136
				
				
		

[2021-10-11 16:56:56] ["/api/board.php"] [getBoard] [::1] [관리자(1074)]

			UPDATE `board` SET
				hit = hit + 1 
			WHERE
				idx = 106
				
				
		

[2021-10-11 16:56:57] ["/api/board.php"] [getBoard] [::1] [관리자(1074)]

			UPDATE `board` SET
				hit = hit + 1 
			WHERE
				idx = 111
				
				
		

[2021-10-11 16:57:00] ["/api/board.php"] [getBoard] [::1] [관리자(1074)]

			UPDATE `board` SET
				hit = hit + 1 
			WHERE
				idx = 131
				
				
		

[2021-10-11 16:57:02] ["/api/board.php"] [getBoard] [::1] [관리자(1074)]

			UPDATE `board` SET
				hit = hit + 1 
			WHERE
				idx = 144
				
				
		

[2021-10-11 16:57:05] ["/api/board.php"] [getBoard] [::1] [관리자(1074)]

			UPDATE `board` SET
				hit = hit + 1 
			WHERE
				idx = 147
				
				
		

[2021-10-11 16:57:07] ["/api/board.php"] [getBoard] [::1] [관리자(1074)]

			UPDATE `board` SET
				hit = hit + 1 
			WHERE
				idx = 157
				
				
		

[2021-10-11 17:21:42] ["/api/board.php"] [getBoard] [::1] [관리자(1074)]

			UPDATE `board` SET
				hit = hit + 1 
			WHERE
				idx = 143
				
				
		

[2021-10-11 17:21:47] ["/api/board.php"] [getBoard] [::1] [관리자(1074)]

			UPDATE `board` SET
				hit = hit + 1 
			WHERE
				idx = 143
				
				
		

